0 info it worked if it ends with ok
1 verbose cli [ 'node',
1 verbose cli   '/Users/nisarg/.meteor/packages/meteor-tool/.1.3.4_1.1ff5caj++os.osx.x86_64+web.browser+web.cordova/mt-os.osx.x86_64/dev_bundle/bin/npm',
1 verbose cli   'install',
1 verbose cli   '--save',
1 verbose cli   'jquery' ]
2 info using npm@3.9.6
3 info using node@v0.10.45
4 silly loadCurrentTree Starting
5 silly install loadCurrentTree
6 silly install readLocalPackageData
7 silly fetchPackageMetaData jquery
8 silly fetchNamedPackageData jquery
9 silly mapToRegistry name jquery
10 silly mapToRegistry using default registry
11 silly mapToRegistry registry https://registry.npmjs.org/
12 silly mapToRegistry data { raw: 'jquery',
12 silly mapToRegistry   scope: null,
12 silly mapToRegistry   name: 'jquery',
12 silly mapToRegistry   rawSpec: '',
12 silly mapToRegistry   spec: 'latest',
12 silly mapToRegistry   type: 'tag' }
13 silly mapToRegistry uri https://registry.npmjs.org/jquery
14 verbose request uri https://registry.npmjs.org/jquery
15 verbose request no auth needed
16 info attempt registry request try #1 at 00:31:27
17 verbose request id 517b0e83b8272131
18 http request GET https://registry.npmjs.org/jquery
19 http 200 https://registry.npmjs.org/jquery
20 verbose headers { server: 'CouchDB/1.5.0 (Erlang OTP/R16B03)',
20 verbose headers   etag: '"9PAI0RHWAG9WK5PVMEGI567QM"',
20 verbose headers   'content-type': 'application/json',
20 verbose headers   'content-encoding': 'gzip',
20 verbose headers   'cache-control': 'max-age=300',
20 verbose headers   'content-length': '11175',
20 verbose headers   'accept-ranges': 'bytes',
20 verbose headers   date: 'Sat, 09 Jul 2016 19:01:29 GMT',
20 verbose headers   via: '1.1 varnish',
20 verbose headers   age: '212',
20 verbose headers   connection: 'keep-alive',
20 verbose headers   'x-served-by': 'cache-sin6922-SIN',
20 verbose headers   'x-cache': 'HIT',
20 verbose headers   'x-cache-hits': '24',
20 verbose headers   'x-timer': 'S1468090889.995231,VS0,VE0',
20 verbose headers   vary: 'Accept-Encoding' }
21 silly get cb [ 200,
21 silly get   { server: 'CouchDB/1.5.0 (Erlang OTP/R16B03)',
21 silly get     etag: '"9PAI0RHWAG9WK5PVMEGI567QM"',
21 silly get     'content-type': 'application/json',
21 silly get     'content-encoding': 'gzip',
21 silly get     'cache-control': 'max-age=300',
21 silly get     'content-length': '11175',
21 silly get     'accept-ranges': 'bytes',
21 silly get     date: 'Sat, 09 Jul 2016 19:01:29 GMT',
21 silly get     via: '1.1 varnish',
21 silly get     age: '212',
21 silly get     connection: 'keep-alive',
21 silly get     'x-served-by': 'cache-sin6922-SIN',
21 silly get     'x-cache': 'HIT',
21 silly get     'x-cache-hits': '24',
21 silly get     'x-timer': 'S1468090889.995231,VS0,VE0',
21 silly get     vary: 'Accept-Encoding' } ]
22 verbose get saving jquery to /Users/nisarg/.npm/registry.npmjs.org/jquery/.cache.json
23 verbose correctMkdir /Users/nisarg/.npm correctMkdir not in flight; initializing
24 silly install normalizeTree
25 silly loadCurrentTree Finishing
26 silly loadIdealTree Starting
27 silly install loadIdealTree
28 silly cloneCurrentTree Starting
29 silly install cloneCurrentTreeToIdealTree
30 silly cloneCurrentTree Finishing
31 silly loadShrinkwrap Starting
32 silly install loadShrinkwrap
33 silly loadShrinkwrap Finishing
34 silly loadAllDepsIntoIdealTree Starting
35 silly install loadAllDepsIntoIdealTree
36 silly resolveWithNewModule jquery@3.1.0 checking installable status
37 silly cache add args [ 'jquery', null ]
38 verbose cache add spec jquery
39 silly cache add parsed spec { raw: 'jquery',
39 silly cache add   scope: null,
39 silly cache add   name: 'jquery',
39 silly cache add   rawSpec: '',
39 silly cache add   spec: 'latest',
39 silly cache add   type: 'tag' }
40 silly addNamed jquery@latest
41 verbose addNamed "latest" is being treated as a dist-tag for jquery
42 info addNameTag [ 'jquery', 'latest' ]
43 silly mapToRegistry name jquery
44 silly mapToRegistry using default registry
45 silly mapToRegistry registry https://registry.npmjs.org/
46 silly mapToRegistry data { raw: 'jquery',
46 silly mapToRegistry   scope: null,
46 silly mapToRegistry   name: 'jquery',
46 silly mapToRegistry   rawSpec: '',
46 silly mapToRegistry   spec: 'latest',
46 silly mapToRegistry   type: 'tag' }
47 silly mapToRegistry uri https://registry.npmjs.org/jquery
48 verbose addNameTag registry:https://registry.npmjs.org/jquery not in flight; fetching
49 verbose get https://registry.npmjs.org/jquery not expired, no request
50 silly addNameTag next cb for jquery with tag latest
51 silly addNamed jquery@3.1.0
52 verbose addNamed "3.1.0" is a plain semver version for jquery
53 silly mapToRegistry name jquery
54 silly mapToRegistry using default registry
55 silly mapToRegistry registry https://registry.npmjs.org/
56 silly mapToRegistry data { raw: 'jquery',
56 silly mapToRegistry   scope: null,
56 silly mapToRegistry   name: 'jquery',
56 silly mapToRegistry   rawSpec: '',
56 silly mapToRegistry   spec: 'latest',
56 silly mapToRegistry   type: 'tag' }
57 silly mapToRegistry uri https://registry.npmjs.org/jquery
58 verbose addRemoteTarball https://registry.npmjs.org/jquery/-/jquery-3.1.0.tgz not in flight; adding
59 verbose addRemoteTarball [ 'https://registry.npmjs.org/jquery/-/jquery-3.1.0.tgz',
59 verbose addRemoteTarball   '129f6f1ae94b18f09010b008d0d6011e40613d7f' ]
60 info retry fetch attempt 1 at 00:31:30
61 info attempt registry request try #1 at 00:31:30
62 http fetch GET https://registry.npmjs.org/jquery/-/jquery-3.1.0.tgz
63 http fetch 200 https://registry.npmjs.org/jquery/-/jquery-3.1.0.tgz
64 silly fetchAndShaCheck shasum 129f6f1ae94b18f09010b008d0d6011e40613d7f
65 verbose addTmpTarball /var/folders/7r/stw3kr0s21b_0ks3gkpdpf980000gn/T/npm-7651-205fe73d/registry.npmjs.org/jquery/-/jquery-3.1.0.tgz not in flight; adding
66 verbose addTmpTarball already have metadata; skipping unpack for jquery@3.1.0
67 verbose correctMkdir /Users/nisarg/.npm correctMkdir not in flight; initializing
68 silly cache afterAdd jquery@3.1.0
69 verbose afterAdd /Users/nisarg/.npm/jquery/3.1.0/package/package.json not in flight; writing
70 verbose correctMkdir /Users/nisarg/.npm correctMkdir not in flight; initializing
71 verbose afterAdd /Users/nisarg/.npm/jquery/3.1.0/package/package.json written
72 silly loadAllDepsIntoIdealTree Finishing
73 silly idealTree:prePrune Sites
73 silly idealTree:prePrune ├── jquery@3.1.0
73 silly idealTree:prePrune └─┬ slack-invite-request@1.0.1
73 silly idealTree:prePrune   ├── async@0.9.2
73 silly idealTree:prePrune   ├─┬ body-parser@1.14.1
73 silly idealTree:prePrune   │ ├── bytes@2.1.0
73 silly idealTree:prePrune   │ ├── content-type@1.0.1
73 silly idealTree:prePrune   │ ├─┬ debug@2.2.0
73 silly idealTree:prePrune   │ │ └── ms@0.7.1
73 silly idealTree:prePrune   │ ├── depd@1.1.0
73 silly idealTree:prePrune   │ ├─┬ http-errors@1.3.1
73 silly idealTree:prePrune   │ │ ├── inherits@2.0.1
73 silly idealTree:prePrune   │ │ └── statuses@1.2.1
73 silly idealTree:prePrune   │ ├── iconv-lite@0.4.12
73 silly idealTree:prePrune   │ ├─┬ on-finished@2.3.0
73 silly idealTree:prePrune   │ │ └── ee-first@1.1.1
73 silly idealTree:prePrune   │ ├── qs@5.1.0
73 silly idealTree:prePrune   │ ├─┬ raw-body@2.1.4
73 silly idealTree:prePrune   │ │ └── unpipe@1.0.0
73 silly idealTree:prePrune   │ └─┬ type-is@1.6.9
73 silly idealTree:prePrune   │   ├── media-typer@0.3.0
73 silly idealTree:prePrune   │   └─┬ mime-types@2.1.7
73 silly idealTree:prePrune   │     └── mime-db@1.19.0
73 silly idealTree:prePrune   ├─┬ change-case@2.3.0
73 silly idealTree:prePrune   │ ├── camel-case@1.2.0
73 silly idealTree:prePrune   │ ├── constant-case@1.1.1
73 silly idealTree:prePrune   │ ├── dot-case@1.1.1
73 silly idealTree:prePrune   │ ├── is-lower-case@1.1.1
73 silly idealTree:prePrune   │ ├── is-upper-case@1.1.1
73 silly idealTree:prePrune   │ ├── lower-case-first@1.0.0
73 silly idealTree:prePrune   │ ├── lower-case@1.1.2
73 silly idealTree:prePrune   │ ├── param-case@1.1.1
73 silly idealTree:prePrune   │ ├── pascal-case@1.1.1
73 silly idealTree:prePrune   │ ├── path-case@1.1.1
73 silly idealTree:prePrune   │ ├── sentence-case@1.1.2
73 silly idealTree:prePrune   │ ├── snake-case@1.1.1
73 silly idealTree:prePrune   │ ├── swap-case@1.1.1
73 silly idealTree:prePrune   │ ├── title-case@1.1.1
73 silly idealTree:prePrune   │ ├── upper-case-first@1.1.1
73 silly idealTree:prePrune   │ └── upper-case@1.1.2
73 silly idealTree:prePrune   ├─┬ cookie-parser@1.4.0
73 silly idealTree:prePrune   │ ├── cookie-signature@1.0.6
73 silly idealTree:prePrune   │ └── cookie@0.2.2
73 silly idealTree:prePrune   ├── dotty@0.0.2
73 silly idealTree:prePrune   ├─┬ express-handlebars@2.0.1
73 silly idealTree:prePrune   │ ├─┬ glob@5.0.15
73 silly idealTree:prePrune   │ │ ├─┬ inflight@1.0.4
73 silly idealTree:prePrune   │ │ │ └── wrappy@1.0.1
73 silly idealTree:prePrune   │ │ ├── inherits@2.0.1
73 silly idealTree:prePrune   │ │ ├─┬ minimatch@3.0.0
73 silly idealTree:prePrune   │ │ │ └─┬ brace-expansion@1.1.1
73 silly idealTree:prePrune   │ │ │   ├── balanced-match@0.2.1
73 silly idealTree:prePrune   │ │ │   └── concat-map@0.0.1
73 silly idealTree:prePrune   │ │ ├─┬ once@1.3.2
73 silly idealTree:prePrune   │ │ │ └── wrappy@1.0.1
73 silly idealTree:prePrune   │ │ └── path-is-absolute@1.0.0
73 silly idealTree:prePrune   │ ├── graceful-fs@3.0.8
73 silly idealTree:prePrune   │ ├─┬ handlebars@3.0.3
73 silly idealTree:prePrune   │ │ ├─┬ optimist@0.6.1
73 silly idealTree:prePrune   │ │ │ ├── minimist@0.0.10
73 silly idealTree:prePrune   │ │ │ └── wordwrap@0.0.3
73 silly idealTree:prePrune   │ │ ├─┬ source-map@0.1.43
73 silly idealTree:prePrune   │ │ │ └── amdefine@1.0.0
73 silly idealTree:prePrune   │ │ └─┬ uglify-js@2.3.6
73 silly idealTree:prePrune   │ │   ├── async@0.2.10
73 silly idealTree:prePrune   │ │   └─┬ optimist@0.3.7
73 silly idealTree:prePrune   │ │     └── wordwrap@0.0.3
73 silly idealTree:prePrune   │ ├─┬ object.assign@1.1.1
73 silly idealTree:prePrune   │ │ └── object-keys@1.0.9
73 silly idealTree:prePrune   │ └─┬ promise@6.1.0
73 silly idealTree:prePrune   │   └── asap@1.0.0
73 silly idealTree:prePrune   ├─┬ express-session@1.12.1
73 silly idealTree:prePrune   │ ├── cookie-signature@1.0.6
73 silly idealTree:prePrune   │ ├── cookie@0.2.3
73 silly idealTree:prePrune   │ ├── crc@3.3.0
73 silly idealTree:prePrune   │ ├─┬ debug@2.2.0
73 silly idealTree:prePrune   │ │ └── ms@0.7.1
73 silly idealTree:prePrune   │ ├── depd@1.1.0
73 silly idealTree:prePrune   │ ├── on-headers@1.0.1
73 silly idealTree:prePrune   │ ├── parseurl@1.3.0
73 silly idealTree:prePrune   │ ├─┬ uid-safe@2.0.0
73 silly idealTree:prePrune   │ │ └── base64-url@1.2.1
73 silly idealTree:prePrune   │ └── utils-merge@1.0.0
73 silly idealTree:prePrune   ├─┬ express@4.13.3
73 silly idealTree:prePrune   │ ├─┬ accepts@1.2.13
73 silly idealTree:prePrune   │ │ ├─┬ mime-types@2.1.7
73 silly idealTree:prePrune   │ │ │ └── mime-db@1.19.0
73 silly idealTree:prePrune   │ │ └── negotiator@0.5.3
73 silly idealTree:prePrune   │ ├── array-flatten@1.1.1
73 silly idealTree:prePrune   │ ├── content-disposition@0.5.0
73 silly idealTree:prePrune   │ ├── content-type@1.0.1
73 silly idealTree:prePrune   │ ├── cookie-signature@1.0.6
73 silly idealTree:prePrune   │ ├── cookie@0.1.3
73 silly idealTree:prePrune   │ ├─┬ debug@2.2.0
73 silly idealTree:prePrune   │ │ └── ms@0.7.1
73 silly idealTree:prePrune   │ ├── depd@1.0.1
73 silly idealTree:prePrune   │ ├── escape-html@1.0.2
73 silly idealTree:prePrune   │ ├── etag@1.7.0
73 silly idealTree:prePrune   │ ├─┬ finalhandler@0.4.0
73 silly idealTree:prePrune   │ │ └── unpipe@1.0.0
73 silly idealTree:prePrune   │ ├── fresh@0.3.0
73 silly idealTree:prePrune   │ ├── merge-descriptors@1.0.0
73 silly idealTree:prePrune   │ ├── methods@1.1.1
73 silly idealTree:prePrune   │ ├─┬ on-finished@2.3.0
73 silly idealTree:prePrune   │ │ └── ee-first@1.1.1
73 silly idealTree:prePrune   │ ├── parseurl@1.3.0
73 silly idealTree:prePrune   │ ├── path-to-regexp@0.1.7
73 silly idealTree:prePrune   │ ├─┬ proxy-addr@1.0.8
73 silly idealTree:prePrune   │ │ ├── forwarded@0.1.0
73 silly idealTree:prePrune   │ │ └── ipaddr.js@1.0.1
73 silly idealTree:prePrune   │ ├── qs@4.0.0
73 silly idealTree:prePrune   │ ├── range-parser@1.0.2
73 silly idealTree:prePrune   │ ├─┬ send@0.13.0
73 silly idealTree:prePrune   │ │ ├── destroy@1.0.3
73 silly idealTree:prePrune   │ │ ├─┬ http-errors@1.3.1
73 silly idealTree:prePrune   │ │ │ └── inherits@2.0.1
73 silly idealTree:prePrune   │ │ ├── mime@1.3.4
73 silly idealTree:prePrune   │ │ ├── ms@0.7.1
73 silly idealTree:prePrune   │ │ └── statuses@1.2.1
73 silly idealTree:prePrune   │ ├── serve-static@1.10.0
73 silly idealTree:prePrune   │ ├─┬ type-is@1.6.9
73 silly idealTree:prePrune   │ │ ├── media-typer@0.3.0
73 silly idealTree:prePrune   │ │ └─┬ mime-types@2.1.7
73 silly idealTree:prePrune   │ │   └── mime-db@1.19.0
73 silly idealTree:prePrune   │ ├── utils-merge@1.0.0
73 silly idealTree:prePrune   │ └── vary@1.0.1
73 silly idealTree:prePrune   ├─┬ got@2.9.2
73 silly idealTree:prePrune   │ ├─┬ duplexify@3.4.2
73 silly idealTree:prePrune   │ │ ├─┬ end-of-stream@1.0.0
73 silly idealTree:prePrune   │ │ │ └─┬ once@1.3.2
73 silly idealTree:prePrune   │ │ │   └── wrappy@1.0.1
73 silly idealTree:prePrune   │ │ └─┬ readable-stream@2.0.3
73 silly idealTree:prePrune   │ │   ├── core-util-is@1.0.1
73 silly idealTree:prePrune   │ │   ├── inherits@2.0.1
73 silly idealTree:prePrune   │ │   ├── isarray@0.0.1
73 silly idealTree:prePrune   │ │   ├── process-nextick-args@1.0.3
73 silly idealTree:prePrune   │ │   ├── string_decoder@0.10.31
73 silly idealTree:prePrune   │ │   └── util-deprecate@1.0.2
73 silly idealTree:prePrune   │ ├── infinity-agent@2.0.3
73 silly idealTree:prePrune   │ ├── is-stream@1.0.1
73 silly idealTree:prePrune   │ ├── lowercase-keys@1.0.0
73 silly idealTree:prePrune   │ ├─┬ nested-error-stacks@1.0.1
73 silly idealTree:prePrune   │ │ └── inherits@2.0.1
73 silly idealTree:prePrune   │ ├── object-assign@2.1.1
73 silly idealTree:prePrune   │ ├── prepend-http@1.0.3
73 silly idealTree:prePrune   │ ├─┬ read-all-stream@2.2.0
73 silly idealTree:prePrune   │ │ └─┬ readable-stream@2.0.3
73 silly idealTree:prePrune   │ │   ├── core-util-is@1.0.1
73 silly idealTree:prePrune   │ │   ├── inherits@2.0.1
73 silly idealTree:prePrune   │ │   ├── isarray@0.0.1
73 silly idealTree:prePrune   │ │   ├── process-nextick-args@1.0.3
73 silly idealTree:prePrune   │ │   ├── string_decoder@0.10.31
73 silly idealTree:prePrune   │ │   └── util-deprecate@1.0.2
73 silly idealTree:prePrune   │ ├── statuses@1.2.1
73 silly idealTree:prePrune   │ └── timed-out@2.0.0
73 silly idealTree:prePrune   ├─┬ js-yaml@3.4.3
73 silly idealTree:prePrune   │ ├─┬ argparse@1.0.3
73 silly idealTree:prePrune   │ │ └── sprintf-js@1.0.3
73 silly idealTree:prePrune   │ └── esprima@2.7.0
73 silly idealTree:prePrune   ├── lodash@3.10.1
73 silly idealTree:prePrune   ├─┬ multer@0.1.8
73 silly idealTree:prePrune   │ ├─┬ busboy@0.2.11
73 silly idealTree:prePrune   │ │ ├─┬ dicer@0.2.3
73 silly idealTree:prePrune   │ │ │ └── streamsearch@0.1.2
73 silly idealTree:prePrune   │ │ └─┬ readable-stream@1.1.13
73 silly idealTree:prePrune   │ │   ├── core-util-is@1.0.1
73 silly idealTree:prePrune   │ │   ├── inherits@2.0.1
73 silly idealTree:prePrune   │ │   ├── isarray@0.0.1
73 silly idealTree:prePrune   │ │   └── string_decoder@0.10.31
73 silly idealTree:prePrune   │ ├── mkdirp@0.3.5
73 silly idealTree:prePrune   │ ├── qs@1.2.2
73 silly idealTree:prePrune   │ └─┬ type-is@1.5.7
73 silly idealTree:prePrune   │   ├── media-typer@0.3.0
73 silly idealTree:prePrune   │   └─┬ mime-types@2.0.14
73 silly idealTree:prePrune   │     └── mime-db@1.12.0
73 silly idealTree:prePrune   └─┬ mv@2.1.1
73 silly idealTree:prePrune     ├─┬ mkdirp@0.5.1
73 silly idealTree:prePrune     │ └── minimist@0.0.8
73 silly idealTree:prePrune     ├── ncp@2.0.0
73 silly idealTree:prePrune     └─┬ rimraf@2.4.3
73 silly idealTree:prePrune       └─┬ glob@5.0.15
73 silly idealTree:prePrune         ├─┬ inflight@1.0.4
73 silly idealTree:prePrune         │ └── wrappy@1.0.1
73 silly idealTree:prePrune         ├── inherits@2.0.1
73 silly idealTree:prePrune         ├─┬ minimatch@3.0.0
73 silly idealTree:prePrune         │ └─┬ brace-expansion@1.1.1
73 silly idealTree:prePrune         │   ├── balanced-match@0.2.1
73 silly idealTree:prePrune         │   └── concat-map@0.0.1
73 silly idealTree:prePrune         ├─┬ once@1.3.2
73 silly idealTree:prePrune         │ └── wrappy@1.0.1
73 silly idealTree:prePrune         └── path-is-absolute@1.0.0
74 silly loadIdealTree Finishing
75 silly currentTree Sites
75 silly currentTree └─┬ slack-invite-request@1.0.1
75 silly currentTree   ├── async@0.9.2
75 silly currentTree   ├─┬ body-parser@1.14.1
75 silly currentTree   │ ├── bytes@2.1.0
75 silly currentTree   │ ├── content-type@1.0.1
75 silly currentTree   │ ├─┬ debug@2.2.0
75 silly currentTree   │ │ └── ms@0.7.1
75 silly currentTree   │ ├── depd@1.1.0
75 silly currentTree   │ ├─┬ http-errors@1.3.1
75 silly currentTree   │ │ ├── inherits@2.0.1
75 silly currentTree   │ │ └── statuses@1.2.1
75 silly currentTree   │ ├── iconv-lite@0.4.12
75 silly currentTree   │ ├─┬ on-finished@2.3.0
75 silly currentTree   │ │ └── ee-first@1.1.1
75 silly currentTree   │ ├── qs@5.1.0
75 silly currentTree   │ ├─┬ raw-body@2.1.4
75 silly currentTree   │ │ └── unpipe@1.0.0
75 silly currentTree   │ └─┬ type-is@1.6.9
75 silly currentTree   │   ├── media-typer@0.3.0
75 silly currentTree   │   └─┬ mime-types@2.1.7
75 silly currentTree   │     └── mime-db@1.19.0
75 silly currentTree   ├─┬ change-case@2.3.0
75 silly currentTree   │ ├── camel-case@1.2.0
75 silly currentTree   │ ├── constant-case@1.1.1
75 silly currentTree   │ ├── dot-case@1.1.1
75 silly currentTree   │ ├── is-lower-case@1.1.1
75 silly currentTree   │ ├── is-upper-case@1.1.1
75 silly currentTree   │ ├── lower-case-first@1.0.0
75 silly currentTree   │ ├── lower-case@1.1.2
75 silly currentTree   │ ├── param-case@1.1.1
75 silly currentTree   │ ├── pascal-case@1.1.1
75 silly currentTree   │ ├── path-case@1.1.1
75 silly currentTree   │ ├── sentence-case@1.1.2
75 silly currentTree   │ ├── snake-case@1.1.1
75 silly currentTree   │ ├── swap-case@1.1.1
75 silly currentTree   │ ├── title-case@1.1.1
75 silly currentTree   │ ├── upper-case-first@1.1.1
75 silly currentTree   │ └── upper-case@1.1.2
75 silly currentTree   ├─┬ cookie-parser@1.4.0
75 silly currentTree   │ ├── cookie-signature@1.0.6
75 silly currentTree   │ └── cookie@0.2.2
75 silly currentTree   ├── dotty@0.0.2
75 silly currentTree   ├─┬ express-handlebars@2.0.1
75 silly currentTree   │ ├─┬ glob@5.0.15
75 silly currentTree   │ │ ├─┬ inflight@1.0.4
75 silly currentTree   │ │ │ └── wrappy@1.0.1
75 silly currentTree   │ │ ├── inherits@2.0.1
75 silly currentTree   │ │ ├─┬ minimatch@3.0.0
75 silly currentTree   │ │ │ └─┬ brace-expansion@1.1.1
75 silly currentTree   │ │ │   ├── balanced-match@0.2.1
75 silly currentTree   │ │ │   └── concat-map@0.0.1
75 silly currentTree   │ │ ├─┬ once@1.3.2
75 silly currentTree   │ │ │ └── wrappy@1.0.1
75 silly currentTree   │ │ └── path-is-absolute@1.0.0
75 silly currentTree   │ ├── graceful-fs@3.0.8
75 silly currentTree   │ ├─┬ handlebars@3.0.3
75 silly currentTree   │ │ ├─┬ optimist@0.6.1
75 silly currentTree   │ │ │ ├── minimist@0.0.10
75 silly currentTree   │ │ │ └── wordwrap@0.0.3
75 silly currentTree   │ │ ├─┬ source-map@0.1.43
75 silly currentTree   │ │ │ └── amdefine@1.0.0
75 silly currentTree   │ │ └─┬ uglify-js@2.3.6
75 silly currentTree   │ │   ├── async@0.2.10
75 silly currentTree   │ │   └─┬ optimist@0.3.7
75 silly currentTree   │ │     └── wordwrap@0.0.3
75 silly currentTree   │ ├─┬ object.assign@1.1.1
75 silly currentTree   │ │ └── object-keys@1.0.9
75 silly currentTree   │ └─┬ promise@6.1.0
75 silly currentTree   │   └── asap@1.0.0
75 silly currentTree   ├─┬ express-session@1.12.1
75 silly currentTree   │ ├── cookie-signature@1.0.6
75 silly currentTree   │ ├── cookie@0.2.3
75 silly currentTree   │ ├── crc@3.3.0
75 silly currentTree   │ ├─┬ debug@2.2.0
75 silly currentTree   │ │ └── ms@0.7.1
75 silly currentTree   │ ├── depd@1.1.0
75 silly currentTree   │ ├── on-headers@1.0.1
75 silly currentTree   │ ├── parseurl@1.3.0
75 silly currentTree   │ ├─┬ uid-safe@2.0.0
75 silly currentTree   │ │ └── base64-url@1.2.1
75 silly currentTree   │ └── utils-merge@1.0.0
75 silly currentTree   ├─┬ express@4.13.3
75 silly currentTree   │ ├─┬ accepts@1.2.13
75 silly currentTree   │ │ ├─┬ mime-types@2.1.7
75 silly currentTree   │ │ │ └── mime-db@1.19.0
75 silly currentTree   │ │ └── negotiator@0.5.3
75 silly currentTree   │ ├── array-flatten@1.1.1
75 silly currentTree   │ ├── content-disposition@0.5.0
75 silly currentTree   │ ├── content-type@1.0.1
75 silly currentTree   │ ├── cookie-signature@1.0.6
75 silly currentTree   │ ├── cookie@0.1.3
75 silly currentTree   │ ├─┬ debug@2.2.0
75 silly currentTree   │ │ └── ms@0.7.1
75 silly currentTree   │ ├── depd@1.0.1
75 silly currentTree   │ ├── escape-html@1.0.2
75 silly currentTree   │ ├── etag@1.7.0
75 silly currentTree   │ ├─┬ finalhandler@0.4.0
75 silly currentTree   │ │ └── unpipe@1.0.0
75 silly currentTree   │ ├── fresh@0.3.0
75 silly currentTree   │ ├── merge-descriptors@1.0.0
75 silly currentTree   │ ├── methods@1.1.1
75 silly currentTree   │ ├─┬ on-finished@2.3.0
75 silly currentTree   │ │ └── ee-first@1.1.1
75 silly currentTree   │ ├── parseurl@1.3.0
75 silly currentTree   │ ├── path-to-regexp@0.1.7
75 silly currentTree   │ ├─┬ proxy-addr@1.0.8
75 silly currentTree   │ │ ├── forwarded@0.1.0
75 silly currentTree   │ │ └── ipaddr.js@1.0.1
75 silly currentTree   │ ├── qs@4.0.0
75 silly currentTree   │ ├── range-parser@1.0.2
75 silly currentTree   │ ├─┬ send@0.13.0
75 silly currentTree   │ │ ├── destroy@1.0.3
75 silly currentTree   │ │ ├─┬ http-errors@1.3.1
75 silly currentTree   │ │ │ └── inherits@2.0.1
75 silly currentTree   │ │ ├── mime@1.3.4
75 silly currentTree   │ │ ├── ms@0.7.1
75 silly currentTree   │ │ └── statuses@1.2.1
75 silly currentTree   │ ├── serve-static@1.10.0
75 silly currentTree   │ ├─┬ type-is@1.6.9
75 silly currentTree   │ │ ├── media-typer@0.3.0
75 silly currentTree   │ │ └─┬ mime-types@2.1.7
75 silly currentTree   │ │   └── mime-db@1.19.0
75 silly currentTree   │ ├── utils-merge@1.0.0
75 silly currentTree   │ └── vary@1.0.1
75 silly currentTree   ├─┬ got@2.9.2
75 silly currentTree   │ ├─┬ duplexify@3.4.2
75 silly currentTree   │ │ ├─┬ end-of-stream@1.0.0
75 silly currentTree   │ │ │ └─┬ once@1.3.2
75 silly currentTree   │ │ │   └── wrappy@1.0.1
75 silly currentTree   │ │ └─┬ readable-stream@2.0.3
75 silly currentTree   │ │   ├── core-util-is@1.0.1
75 silly currentTree   │ │   ├── inherits@2.0.1
75 silly currentTree   │ │   ├── isarray@0.0.1
75 silly currentTree   │ │   ├── process-nextick-args@1.0.3
75 silly currentTree   │ │   ├── string_decoder@0.10.31
75 silly currentTree   │ │   └── util-deprecate@1.0.2
75 silly currentTree   │ ├── infinity-agent@2.0.3
75 silly currentTree   │ ├── is-stream@1.0.1
75 silly currentTree   │ ├── lowercase-keys@1.0.0
75 silly currentTree   │ ├─┬ nested-error-stacks@1.0.1
75 silly currentTree   │ │ └── inherits@2.0.1
75 silly currentTree   │ ├── object-assign@2.1.1
75 silly currentTree   │ ├── prepend-http@1.0.3
75 silly currentTree   │ ├─┬ read-all-stream@2.2.0
75 silly currentTree   │ │ └─┬ readable-stream@2.0.3
75 silly currentTree   │ │   ├── core-util-is@1.0.1
75 silly currentTree   │ │   ├── inherits@2.0.1
75 silly currentTree   │ │   ├── isarray@0.0.1
75 silly currentTree   │ │   ├── process-nextick-args@1.0.3
75 silly currentTree   │ │   ├── string_decoder@0.10.31
75 silly currentTree   │ │   └── util-deprecate@1.0.2
75 silly currentTree   │ ├── statuses@1.2.1
75 silly currentTree   │ └── timed-out@2.0.0
75 silly currentTree   ├─┬ js-yaml@3.4.3
75 silly currentTree   │ ├─┬ argparse@1.0.3
75 silly currentTree   │ │ └── sprintf-js@1.0.3
75 silly currentTree   │ └── esprima@2.7.0
75 silly currentTree   ├── lodash@3.10.1
75 silly currentTree   ├─┬ multer@0.1.8
75 silly currentTree   │ ├─┬ busboy@0.2.11
75 silly currentTree   │ │ ├─┬ dicer@0.2.3
75 silly currentTree   │ │ │ └── streamsearch@0.1.2
75 silly currentTree   │ │ └─┬ readable-stream@1.1.13
75 silly currentTree   │ │   ├── core-util-is@1.0.1
75 silly currentTree   │ │   ├── inherits@2.0.1
75 silly currentTree   │ │   ├── isarray@0.0.1
75 silly currentTree   │ │   └── string_decoder@0.10.31
75 silly currentTree   │ ├── mkdirp@0.3.5
75 silly currentTree   │ ├── qs@1.2.2
75 silly currentTree   │ └─┬ type-is@1.5.7
75 silly currentTree   │   ├── media-typer@0.3.0
75 silly currentTree   │   └─┬ mime-types@2.0.14
75 silly currentTree   │     └── mime-db@1.12.0
75 silly currentTree   └─┬ mv@2.1.1
75 silly currentTree     ├─┬ mkdirp@0.5.1
75 silly currentTree     │ └── minimist@0.0.8
75 silly currentTree     ├── ncp@2.0.0
75 silly currentTree     └─┬ rimraf@2.4.3
75 silly currentTree       └─┬ glob@5.0.15
75 silly currentTree         ├─┬ inflight@1.0.4
75 silly currentTree         │ └── wrappy@1.0.1
75 silly currentTree         ├── inherits@2.0.1
75 silly currentTree         ├─┬ minimatch@3.0.0
75 silly currentTree         │ └─┬ brace-expansion@1.1.1
75 silly currentTree         │   ├── balanced-match@0.2.1
75 silly currentTree         │   └── concat-map@0.0.1
75 silly currentTree         ├─┬ once@1.3.2
75 silly currentTree         │ └── wrappy@1.0.1
75 silly currentTree         └── path-is-absolute@1.0.0
76 silly idealTree Sites
76 silly idealTree ├── jquery@3.1.0
76 silly idealTree └─┬ slack-invite-request@1.0.1
76 silly idealTree   ├── async@0.9.2
76 silly idealTree   ├─┬ body-parser@1.14.1
76 silly idealTree   │ ├── bytes@2.1.0
76 silly idealTree   │ ├── content-type@1.0.1
76 silly idealTree   │ ├─┬ debug@2.2.0
76 silly idealTree   │ │ └── ms@0.7.1
76 silly idealTree   │ ├── depd@1.1.0
76 silly idealTree   │ ├─┬ http-errors@1.3.1
76 silly idealTree   │ │ ├── inherits@2.0.1
76 silly idealTree   │ │ └── statuses@1.2.1
76 silly idealTree   │ ├── iconv-lite@0.4.12
76 silly idealTree   │ ├─┬ on-finished@2.3.0
76 silly idealTree   │ │ └── ee-first@1.1.1
76 silly idealTree   │ ├── qs@5.1.0
76 silly idealTree   │ ├─┬ raw-body@2.1.4
76 silly idealTree   │ │ └── unpipe@1.0.0
76 silly idealTree   │ └─┬ type-is@1.6.9
76 silly idealTree   │   ├── media-typer@0.3.0
76 silly idealTree   │   └─┬ mime-types@2.1.7
76 silly idealTree   │     └── mime-db@1.19.0
76 silly idealTree   ├─┬ change-case@2.3.0
76 silly idealTree   │ ├── camel-case@1.2.0
76 silly idealTree   │ ├── constant-case@1.1.1
76 silly idealTree   │ ├── dot-case@1.1.1
76 silly idealTree   │ ├── is-lower-case@1.1.1
76 silly idealTree   │ ├── is-upper-case@1.1.1
76 silly idealTree   │ ├── lower-case-first@1.0.0
76 silly idealTree   │ ├── lower-case@1.1.2
76 silly idealTree   │ ├── param-case@1.1.1
76 silly idealTree   │ ├── pascal-case@1.1.1
76 silly idealTree   │ ├── path-case@1.1.1
76 silly idealTree   │ ├── sentence-case@1.1.2
76 silly idealTree   │ ├── snake-case@1.1.1
76 silly idealTree   │ ├── swap-case@1.1.1
76 silly idealTree   │ ├── title-case@1.1.1
76 silly idealTree   │ ├── upper-case-first@1.1.1
76 silly idealTree   │ └── upper-case@1.1.2
76 silly idealTree   ├─┬ cookie-parser@1.4.0
76 silly idealTree   │ ├── cookie-signature@1.0.6
76 silly idealTree   │ └── cookie@0.2.2
76 silly idealTree   ├── dotty@0.0.2
76 silly idealTree   ├─┬ express-handlebars@2.0.1
76 silly idealTree   │ ├─┬ glob@5.0.15
76 silly idealTree   │ │ ├─┬ inflight@1.0.4
76 silly idealTree   │ │ │ └── wrappy@1.0.1
76 silly idealTree   │ │ ├── inherits@2.0.1
76 silly idealTree   │ │ ├─┬ minimatch@3.0.0
76 silly idealTree   │ │ │ └─┬ brace-expansion@1.1.1
76 silly idealTree   │ │ │   ├── balanced-match@0.2.1
76 silly idealTree   │ │ │   └── concat-map@0.0.1
76 silly idealTree   │ │ ├─┬ once@1.3.2
76 silly idealTree   │ │ │ └── wrappy@1.0.1
76 silly idealTree   │ │ └── path-is-absolute@1.0.0
76 silly idealTree   │ ├── graceful-fs@3.0.8
76 silly idealTree   │ ├─┬ handlebars@3.0.3
76 silly idealTree   │ │ ├─┬ optimist@0.6.1
76 silly idealTree   │ │ │ ├── minimist@0.0.10
76 silly idealTree   │ │ │ └── wordwrap@0.0.3
76 silly idealTree   │ │ ├─┬ source-map@0.1.43
76 silly idealTree   │ │ │ └── amdefine@1.0.0
76 silly idealTree   │ │ └─┬ uglify-js@2.3.6
76 silly idealTree   │ │   ├── async@0.2.10
76 silly idealTree   │ │   └─┬ optimist@0.3.7
76 silly idealTree   │ │     └── wordwrap@0.0.3
76 silly idealTree   │ ├─┬ object.assign@1.1.1
76 silly idealTree   │ │ └── object-keys@1.0.9
76 silly idealTree   │ └─┬ promise@6.1.0
76 silly idealTree   │   └── asap@1.0.0
76 silly idealTree   ├─┬ express-session@1.12.1
76 silly idealTree   │ ├── cookie-signature@1.0.6
76 silly idealTree   │ ├── cookie@0.2.3
76 silly idealTree   │ ├── crc@3.3.0
76 silly idealTree   │ ├─┬ debug@2.2.0
76 silly idealTree   │ │ └── ms@0.7.1
76 silly idealTree   │ ├── depd@1.1.0
76 silly idealTree   │ ├── on-headers@1.0.1
76 silly idealTree   │ ├── parseurl@1.3.0
76 silly idealTree   │ ├─┬ uid-safe@2.0.0
76 silly idealTree   │ │ └── base64-url@1.2.1
76 silly idealTree   │ └── utils-merge@1.0.0
76 silly idealTree   ├─┬ express@4.13.3
76 silly idealTree   │ ├─┬ accepts@1.2.13
76 silly idealTree   │ │ ├─┬ mime-types@2.1.7
76 silly idealTree   │ │ │ └── mime-db@1.19.0
76 silly idealTree   │ │ └── negotiator@0.5.3
76 silly idealTree   │ ├── array-flatten@1.1.1
76 silly idealTree   │ ├── content-disposition@0.5.0
76 silly idealTree   │ ├── content-type@1.0.1
76 silly idealTree   │ ├── cookie-signature@1.0.6
76 silly idealTree   │ ├── cookie@0.1.3
76 silly idealTree   │ ├─┬ debug@2.2.0
76 silly idealTree   │ │ └── ms@0.7.1
76 silly idealTree   │ ├── depd@1.0.1
76 silly idealTree   │ ├── escape-html@1.0.2
76 silly idealTree   │ ├── etag@1.7.0
76 silly idealTree   │ ├─┬ finalhandler@0.4.0
76 silly idealTree   │ │ └── unpipe@1.0.0
76 silly idealTree   │ ├── fresh@0.3.0
76 silly idealTree   │ ├── merge-descriptors@1.0.0
76 silly idealTree   │ ├── methods@1.1.1
76 silly idealTree   │ ├─┬ on-finished@2.3.0
76 silly idealTree   │ │ └── ee-first@1.1.1
76 silly idealTree   │ ├── parseurl@1.3.0
76 silly idealTree   │ ├── path-to-regexp@0.1.7
76 silly idealTree   │ ├─┬ proxy-addr@1.0.8
76 silly idealTree   │ │ ├── forwarded@0.1.0
76 silly idealTree   │ │ └── ipaddr.js@1.0.1
76 silly idealTree   │ ├── qs@4.0.0
76 silly idealTree   │ ├── range-parser@1.0.2
76 silly idealTree   │ ├─┬ send@0.13.0
76 silly idealTree   │ │ ├── destroy@1.0.3
76 silly idealTree   │ │ ├─┬ http-errors@1.3.1
76 silly idealTree   │ │ │ └── inherits@2.0.1
76 silly idealTree   │ │ ├── mime@1.3.4
76 silly idealTree   │ │ ├── ms@0.7.1
76 silly idealTree   │ │ └── statuses@1.2.1
76 silly idealTree   │ ├── serve-static@1.10.0
76 silly idealTree   │ ├─┬ type-is@1.6.9
76 silly idealTree   │ │ ├── media-typer@0.3.0
76 silly idealTree   │ │ └─┬ mime-types@2.1.7
76 silly idealTree   │ │   └── mime-db@1.19.0
76 silly idealTree   │ ├── utils-merge@1.0.0
76 silly idealTree   │ └── vary@1.0.1
76 silly idealTree   ├─┬ got@2.9.2
76 silly idealTree   │ ├─┬ duplexify@3.4.2
76 silly idealTree   │ │ ├─┬ end-of-stream@1.0.0
76 silly idealTree   │ │ │ └─┬ once@1.3.2
76 silly idealTree   │ │ │   └── wrappy@1.0.1
76 silly idealTree   │ │ └─┬ readable-stream@2.0.3
76 silly idealTree   │ │   ├── core-util-is@1.0.1
76 silly idealTree   │ │   ├── inherits@2.0.1
76 silly idealTree   │ │   ├── isarray@0.0.1
76 silly idealTree   │ │   ├── process-nextick-args@1.0.3
76 silly idealTree   │ │   ├── string_decoder@0.10.31
76 silly idealTree   │ │   └── util-deprecate@1.0.2
76 silly idealTree   │ ├── infinity-agent@2.0.3
76 silly idealTree   │ ├── is-stream@1.0.1
76 silly idealTree   │ ├── lowercase-keys@1.0.0
76 silly idealTree   │ ├─┬ nested-error-stacks@1.0.1
76 silly idealTree   │ │ └── inherits@2.0.1
76 silly idealTree   │ ├── object-assign@2.1.1
76 silly idealTree   │ ├── prepend-http@1.0.3
76 silly idealTree   │ ├─┬ read-all-stream@2.2.0
76 silly idealTree   │ │ └─┬ readable-stream@2.0.3
76 silly idealTree   │ │   ├── core-util-is@1.0.1
76 silly idealTree   │ │   ├── inherits@2.0.1
76 silly idealTree   │ │   ├── isarray@0.0.1
76 silly idealTree   │ │   ├── process-nextick-args@1.0.3
76 silly idealTree   │ │   ├── string_decoder@0.10.31
76 silly idealTree   │ │   └── util-deprecate@1.0.2
76 silly idealTree   │ ├── statuses@1.2.1
76 silly idealTree   │ └── timed-out@2.0.0
76 silly idealTree   ├─┬ js-yaml@3.4.3
76 silly idealTree   │ ├─┬ argparse@1.0.3
76 silly idealTree   │ │ └── sprintf-js@1.0.3
76 silly idealTree   │ └── esprima@2.7.0
76 silly idealTree   ├── lodash@3.10.1
76 silly idealTree   ├─┬ multer@0.1.8
76 silly idealTree   │ ├─┬ busboy@0.2.11
76 silly idealTree   │ │ ├─┬ dicer@0.2.3
76 silly idealTree   │ │ │ └── streamsearch@0.1.2
76 silly idealTree   │ │ └─┬ readable-stream@1.1.13
76 silly idealTree   │ │   ├── core-util-is@1.0.1
76 silly idealTree   │ │   ├── inherits@2.0.1
76 silly idealTree   │ │   ├── isarray@0.0.1
76 silly idealTree   │ │   └── string_decoder@0.10.31
76 silly idealTree   │ ├── mkdirp@0.3.5
76 silly idealTree   │ ├── qs@1.2.2
76 silly idealTree   │ └─┬ type-is@1.5.7
76 silly idealTree   │   ├── media-typer@0.3.0
76 silly idealTree   │   └─┬ mime-types@2.0.14
76 silly idealTree   │     └── mime-db@1.12.0
76 silly idealTree   └─┬ mv@2.1.1
76 silly idealTree     ├─┬ mkdirp@0.5.1
76 silly idealTree     │ └── minimist@0.0.8
76 silly idealTree     ├── ncp@2.0.0
76 silly idealTree     └─┬ rimraf@2.4.3
76 silly idealTree       └─┬ glob@5.0.15
76 silly idealTree         ├─┬ inflight@1.0.4
76 silly idealTree         │ └── wrappy@1.0.1
76 silly idealTree         ├── inherits@2.0.1
76 silly idealTree         ├─┬ minimatch@3.0.0
76 silly idealTree         │ └─┬ brace-expansion@1.1.1
76 silly idealTree         │   ├── balanced-match@0.2.1
76 silly idealTree         │   └── concat-map@0.0.1
76 silly idealTree         ├─┬ once@1.3.2
76 silly idealTree         │ └── wrappy@1.0.1
76 silly idealTree         └── path-is-absolute@1.0.0
77 silly generateActionsToTake Starting
78 silly install generateActionsToTake
79 silly rollbackFailedOptional Starting
80 silly rollbackFailedOptional Finishing
81 silly runTopLevelLifecycles Starting
82 silly runTopLevelLifecycles Finishing
83 silly install printInstalled
84 warn enoent ENOENT, open '/Users/nisarg/Sites/package.json'
85 verbose stack Error: /Users/nisarg/Sites/node_modules/slack-invite-request: Appears to be a git repo or submodule.
85 verbose stack     at /Users/nisarg/.meteor/packages/meteor-tool/.1.3.4_1.1ff5caj++os.osx.x86_64+web.browser+web.cordova/mt-os.osx.x86_64/dev_bundle/lib/node_modules/npm/node_modules/npm-install-checks/index.js:137:15
85 verbose stack     at Object.oncomplete (fs.js:108:15)
86 verbose cwd /Users/nisarg/Sites/University of London - Responsive Design/minstant
87 error Darwin 15.5.0
88 error argv "node" "/Users/nisarg/.meteor/packages/meteor-tool/.1.3.4_1.1ff5caj++os.osx.x86_64+web.browser+web.cordova/mt-os.osx.x86_64/dev_bundle/bin/npm" "install" "--save" "jquery"
89 error node v0.10.45
90 error npm  v3.9.6
91 error path /Users/nisarg/Sites/node_modules/slack-invite-request
92 error code EISGIT
93 error git /Users/nisarg/Sites/node_modules/slack-invite-request: Appears to be a git repo or submodule.
94 error git /Users/nisarg/Sites/node_modules/slack-invite-request
95 error git Refusing to remove it. Update manually,
95 error git or move it out of the way first.
96 verbose exit [ 1, true ]
